<?xml version="1.0" encoding="UTF-8"?>
<!-- Generated by org.testng.reporters.JUnitXMLReporter -->
<testsuite ignored="0" hostname="TYSS-Yogita" failures="1" tests="2" name="Test" time="12.594" errors="0" timestamp="2024-03-18T20:54:01 IST">
  <testcase classname="testngBasics.LoginTest" name="loginTest" time="6.587">
    <failure type="java.lang.ArithmeticException" message="/ by zero">
      <![CDATA[java.lang.ArithmeticException: / by zero
at testngBasics.LoginTest.loginTest(LoginTest.java:22)
at java.base/java.util.ArrayList.forEach(ArrayList.java:1511)
... Removed 27 stack frames]]>
    </failure>
  </testcase> <!-- loginTest -->
  <testcase classname="testngBasics.RegisterTest" name="registerTest" time="5.955"/>
</testsuite> <!-- Test -->
